[debug] [2019-12-04T18:32:18.443Z] ----------------------------------------------------------------------
[debug] [2019-12-04T18:32:18.444Z] Command:       /usr/local/bin/node /usr/local/bin/firebase logincd ..
[debug] [2019-12-04T18:32:18.444Z] CLI Version:   7.8.1
[debug] [2019-12-04T18:32:18.444Z] Platform:      darwin
[debug] [2019-12-04T18:32:18.445Z] Node Version:  v12.12.0
[debug] [2019-12-04T18:32:18.448Z] Time:          Wed Dec 04 2019 13:32:18 GMT-0500 (Eastern Standard Time)
[debug] [2019-12-04T18:32:18.448Z] ----------------------------------------------------------------------
[debug] [2019-12-04T18:32:18.448Z] 
[error] Error: [object Object] is not a Firebase command
[debug] [2019-12-04T18:32:18.454Z] TypeError: str.toLowerCase is not a function
    at didYouMean (/usr/local/lib/node_modules/firebase-tools/node_modules/didyoumean/didYouMean-1.2.1.js:147:48)
    at suggestCommands (/usr/local/lib/node_modules/firebase-tools/lib/index.js:28:22)
    at Command.<anonymous> (/usr/local/lib/node_modules/firebase-tools/lib/index.js:57:14)
    at Command.listener (/usr/local/lib/node_modules/firebase-tools/node_modules/commander/index.js:360:8)
    at Command.emit (events.js:210:5)
    at Command.EventEmitter.emit (domain.js:476:20)
    at Command.parseArgs (/usr/local/lib/node_modules/firebase-tools/node_modules/commander/index.js:801:12)
    at Command.parse (/usr/local/lib/node_modules/firebase-tools/node_modules/commander/index.js:563:21)
    at Object.<anonymous> (/usr/local/lib/node_modules/firebase-tools/lib/bin/firebase.js:98:22)
    at Module._compile (internal/modules/cjs/loader.js:956:30)
    at Object.Module._extensions..js (internal/modules/cjs/loader.js:973:10)
    at Module.load (internal/modules/cjs/loader.js:812:32)
    at Function.Module._load (internal/modules/cjs/loader.js:724:14)
    at Function.Module.runMain (internal/modules/cjs/loader.js:1025:10)
    at internal/main/run_main_module.js:17:11
[error] 
[error] Error: An unexpected error has occurred.
